2021-12-04 11:23:14 [32minfo[39m [index.js]: Successfully connected to the database
2021-12-04 11:26:49 [32minfo[39m [index.js]: Successfully connected to the database
2021-12-04 11:26:59 [32minfo[39m [index.js]: [0mGET / [32m200[0m 14.721 ms - -[0m

2021-12-04 11:26:59 [32minfo[39m [index.js]: [0mGET /chat.js [32m200[0m 2.454 ms - 171[0m

2021-12-04 11:26:59 [32minfo[39m [index.js]: [0mGET /style.css [32m200[0m 4.464 ms - -[0m

2021-12-04 11:27:04 [32minfo[39m [index.js]: [0mGET /style.css [36m304[0m 1.062 ms - -[0m

2021-12-04 11:27:06 [32minfo[39m [index.js]: [0mGET / [36m304[0m 2.598 ms - -[0m

2021-12-04 11:27:06 [32minfo[39m [index.js]: [0mGET /style.css [36m304[0m 0.778 ms - -[0m

2021-12-04 11:27:06 [32minfo[39m [index.js]: [0mGET /chat.js [36m304[0m 2.380 ms - -[0m

2021-12-04 11:27:43 [32minfo[39m [index.js]: Successfully connected to the database
2021-12-04 11:27:46 [32minfo[39m [index.js]: [0mGET / [36m304[0m 12.732 ms - -[0m

2021-12-04 11:27:46 [32minfo[39m [index.js]: [0mGET /style.css [36m304[0m 2.414 ms - -[0m

2021-12-04 11:27:46 [32minfo[39m [index.js]: [0mGET /chat.js [32m200[0m 4.589 ms - 166[0m

2021-12-04 11:27:50 [32minfo[39m [index.js]: [0mGET / [36m304[0m 1.680 ms - -[0m

2021-12-04 11:27:50 [32minfo[39m [index.js]: [0mGET /chat.js [36m304[0m 0.778 ms - -[0m

2021-12-04 11:27:50 [32minfo[39m [index.js]: [0mGET /style.css [36m304[0m 3.123 ms - -[0m

2021-12-04 11:28:02 [32minfo[39m [index.js]: Successfully connected to the database
2021-12-04 11:28:10 [32minfo[39m [index.js]: [0mGET / [36m304[0m 6.132 ms - -[0m

2021-12-04 11:28:10 [32minfo[39m [index.js]: [0mGET /style.css [36m304[0m 1.231 ms - -[0m

2021-12-04 11:28:10 [32minfo[39m [index.js]: [0mGET /chat.js [32m200[0m 2.881 ms - 171[0m

2021-12-04 11:28:43 [32minfo[39m [index.js]: Successfully connected to the database
2021-12-04 11:28:51 [32minfo[39m [index.js]: [0mGET / [36m304[0m 12.086 ms - -[0m

2021-12-04 11:28:51 [32minfo[39m [index.js]: [0mGET /style.css [36m304[0m 2.285 ms - -[0m

2021-12-04 11:28:51 [32minfo[39m [index.js]: [0mGET /chat.js [36m304[0m 3.767 ms - -[0m

2021-12-04 11:40:33 [32minfo[39m [index.js]: Successfully connected to the database
2021-12-04 11:40:38 [32minfo[39m [index.js]: [0mGET /socket.io/?EIO=3&transport=polling&t=Ns3ldku [33m404[0m 2.160 ms - 75[0m

2021-12-04 11:40:44 [32minfo[39m [index.js]: [0mGET /socket.io/?EIO=3&transport=polling&t=Ns3lfCe [33m404[0m 1.077 ms - 75[0m

2021-12-04 11:40:50 [32minfo[39m [index.js]: [0mGET /socket.io/?EIO=3&transport=polling&t=Ns3lggO [33m404[0m 0.364 ms - 75[0m

2021-12-04 11:40:56 [32minfo[39m [index.js]: [0mGET /socket.io/?EIO=3&transport=polling&t=Ns3li88 [33m404[0m 0.327 ms - 75[0m

2021-12-04 11:41:02 [32minfo[39m [index.js]: [0mGET /socket.io/?EIO=3&transport=polling&t=Ns3ljbq [33m404[0m 0.392 ms - 75[0m

2021-12-04 11:42:05 [32minfo[39m [index.js]: Successfully connected to the database
2021-12-04 11:42:08 [32minfo[39m [index.js]: [0mGET /socket.io/?EIO=3&transport=polling&t=Ns3lzjJ [33m404[0m 5.800 ms - 75[0m

2021-12-04 11:42:14 [32minfo[39m [index.js]: [0mGET /socket.io/?EIO=3&transport=polling&t=Ns3l_Ax [33m404[0m 0.579 ms - 75[0m

2021-12-04 11:42:19 [32minfo[39m [index.js]: Successfully connected to the database
2021-12-04 11:42:20 [32minfo[39m [index.js]: [0mGET /socket.io/?EIO=3&transport=polling&t=Ns3m0ep [33m404[0m 2.351 ms - 75[0m

2021-12-04 11:42:26 [32minfo[39m [index.js]: [0mGET /socket.io/?EIO=3&transport=polling&t=Ns3m26R [33m404[0m 0.543 ms - 75[0m

2021-12-04 11:42:32 [32minfo[39m [index.js]: [0mGET /socket.io/?EIO=3&transport=polling&t=Ns3m3aC [33m404[0m 0.861 ms - 75[0m

2021-12-04 11:42:38 [32minfo[39m [index.js]: [0mGET /socket.io/?EIO=3&transport=polling&t=Ns3m51x [33m404[0m 0.769 ms - 75[0m

2021-12-04 11:42:44 [32minfo[39m [index.js]: [0mGET /socket.io/?EIO=3&transport=polling&t=Ns3m6VW [33m404[0m 0.340 ms - 75[0m

2021-12-04 11:42:50 [32minfo[39m [index.js]: Successfully connected to the database
2021-12-04 11:42:56 [32minfo[39m [index.js]: [0mGET /socket.io/?EIO=3&transport=polling&t=Ns3m9RD [33m404[0m 1.955 ms - 75[0m

2021-12-04 11:43:02 [32minfo[39m [index.js]: [0mGET /socket.io/?EIO=3&transport=polling&t=Ns3mAut [33m404[0m 1.285 ms - 75[0m

2021-12-04 11:43:08 [32minfo[39m [index.js]: [0mGET /socket.io/?EIO=3&transport=polling&t=Ns3mCMn [33m404[0m 0.806 ms - 75[0m

2021-12-04 11:43:14 [32minfo[39m [index.js]: [0mGET /socket.io/?EIO=3&transport=polling&t=Ns3mDqU [33m404[0m 0.412 ms - 75[0m

2021-12-04 11:43:20 [32minfo[39m [index.js]: Successfully connected to the database
2021-12-04 11:43:26 [32minfo[39m [index.js]: [0mGET /socket.io/?EIO=3&transport=polling&t=Ns3mGm3 [33m404[0m 3.288 ms - 75[0m

2021-12-04 11:43:32 [32minfo[39m [index.js]: [0mGET /socket.io/?EIO=3&transport=polling&t=Ns3mIDo [33m404[0m 0.438 ms - 75[0m

2021-12-04 11:43:35 [32minfo[39m [index.js]: Successfully connected to the database
2021-12-04 11:43:38 [32minfo[39m [index.js]: [0mGET /socket.io/?EIO=3&transport=polling&t=Ns3mJhY [33m404[0m 6.512 ms - 75[0m

2021-12-04 11:43:44 [32minfo[39m [index.js]: [0mGET /socket.io/?EIO=3&transport=polling&t=Ns3mL9I [33m404[0m 1.816 ms - 75[0m

2021-12-04 11:43:47 [31merror[39m [index.js]: TypeError: Cannot read properties of undefined (reading 'onmessage')
    at SensorsService.testSocket (/Users/khan/Downloads/Khan/Projects/vx-shripm/backend/src/api/sensors/sensors.service.js:82:21)
    at test (/Users/khan/Downloads/Khan/Projects/vx-shripm/backend/src/api/sensors/sensors.controller.js:22:30)
    at Layer.handle [as handle_request] (/Users/khan/Downloads/Khan/Projects/vx-shripm/backend/node_modules/express/lib/router/layer.js:95:5)
    at next (/Users/khan/Downloads/Khan/Projects/vx-shripm/backend/node_modules/express/lib/router/route.js:137:13)
    at Route.dispatch (/Users/khan/Downloads/Khan/Projects/vx-shripm/backend/node_modules/express/lib/router/route.js:112:3)
    at Layer.handle [as handle_request] (/Users/khan/Downloads/Khan/Projects/vx-shripm/backend/node_modules/express/lib/router/layer.js:95:5)
    at /Users/khan/Downloads/Khan/Projects/vx-shripm/backend/node_modules/express/lib/router/index.js:281:22
    at Function.process_params (/Users/khan/Downloads/Khan/Projects/vx-shripm/backend/node_modules/express/lib/router/index.js:335:12)
    at next (/Users/khan/Downloads/Khan/Projects/vx-shripm/backend/node_modules/express/lib/router/index.js:275:10)
    at Function.handle (/Users/khan/Downloads/Khan/Projects/vx-shripm/backend/node_modules/express/lib/router/index.js:174:3)
    at router (/Users/khan/Downloads/Khan/Projects/vx-shripm/backend/node_modules/express/lib/router/index.js:47:12)
    at Layer.handle [as handle_request] (/Users/khan/Downloads/Khan/Projects/vx-shripm/backend/node_modules/express/lib/router/layer.js:95:5)
    at trim_prefix (/Users/khan/Downloads/Khan/Projects/vx-shripm/backend/node_modules/express/lib/router/index.js:317:13)
    at /Users/khan/Downloads/Khan/Projects/vx-shripm/backend/node_modules/express/lib/router/index.js:284:7
    at Function.process_params (/Users/khan/Downloads/Khan/Projects/vx-shripm/backend/node_modules/express/lib/router/index.js:335:12)
    at next (/Users/khan/Downloads/Khan/Projects/vx-shripm/backend/node_modules/express/lib/router/index.js:275:10)
    at Function.handle (/Users/khan/Downloads/Khan/Projects/vx-shripm/backend/node_modules/express/lib/router/index.js:174:3)
    at router (/Users/khan/Downloads/Khan/Projects/vx-shripm/backend/node_modules/express/lib/router/index.js:47:12)
    at Layer.handle [as handle_request] (/Users/khan/Downloads/Khan/Projects/vx-shripm/backend/node_modules/express/lib/router/layer.js:95:5)
    at trim_prefix (/Users/khan/Downloads/Khan/Projects/vx-shripm/backend/node_modules/express/lib/router/index.js:317:13)
    at /Users/khan/Downloads/Khan/Projects/vx-shripm/backend/node_modules/express/lib/router/index.js:284:7
    at Function.process_params (/Users/khan/Downloads/Khan/Projects/vx-shripm/backend/node_modules/express/lib/router/index.js:335:12) {
  [stack]: "TypeError: Cannot read properties of undefined (reading 'onmessage')\n" +
    '    at SensorsService.testSocket (/Users/khan/Downloads/Khan/Projects/vx-shripm/backend/src/api/sensors/sensors.service.js:82:21)\n' +
    '    at test (/Users/khan/Downloads/Khan/Projects/vx-shripm/backend/src/api/sensors/sensors.controller.js:22:30)\n' +
    '    at Layer.handle [as handle_request] (/Users/khan/Downloads/Khan/Projects/vx-shripm/backend/node_modules/express/lib/router/layer.js:95:5)\n' +
    '    at next (/Users/khan/Downloads/Khan/Projects/vx-shripm/backend/node_modules/express/lib/router/route.js:137:13)\n' +
    '    at Route.dispatch (/Users/khan/Downloads/Khan/Projects/vx-shripm/backend/node_modules/express/lib/router/route.js:112:3)\n' +
    '    at Layer.handle [as handle_request] (/Users/khan/Downloads/Khan/Projects/vx-shripm/backend/node_modules/express/lib/router/layer.js:95:5)\n' +
    '    at /Users/khan/Downloads/Khan/Projects/vx-shripm/backend/node_modules/express/lib/router/index.js:281:22\n' +
    '    at Function.process_params (/Users/khan/Downloads/Khan/Projects/vx-shripm/backend/node_modules/express/lib/router/index.js:335:12)\n' +
    '    at next (/Users/khan/Downloads/Khan/Projects/vx-shripm/backend/node_modules/express/lib/router/index.js:275:10)\n' +
    '    at Function.handle (/Users/khan/Downloads/Khan/Projects/vx-shripm/backend/node_modules/express/lib/router/index.js:174:3)\n' +
    '    at router (/Users/khan/Downloads/Khan/Projects/vx-shripm/backend/node_modules/express/lib/router/index.js:47:12)\n' +
    '    at Layer.handle [as handle_request] (/Users/khan/Downloads/Khan/Projects/vx-shripm/backend/node_modules/express/lib/router/layer.js:95:5)\n' +
    '    at trim_prefix (/Users/khan/Downloads/Khan/Projects/vx-shripm/backend/node_modules/express/lib/router/index.js:317:13)\n' +
    '    at /Users/khan/Downloads/Khan/Projects/vx-shripm/backend/node_modules/express/lib/router/index.js:284:7\n' +
    '    at Function.process_params (/Users/khan/Downloads/Khan/Projects/vx-shripm/backend/node_modules/express/lib/router/index.js:335:12)\n' +
    '    at next (/Users/khan/Downloads/Khan/Projects/vx-shripm/backend/node_modules/express/lib/router/index.js:275:10)\n' +
    '    at Function.handle (/Users/khan/Downloads/Khan/Projects/vx-shripm/backend/node_modules/express/lib/router/index.js:174:3)\n' +
    '    at router (/Users/khan/Downloads/Khan/Projects/vx-shripm/backend/node_modules/express/lib/router/index.js:47:12)\n' +
    '    at Layer.handle [as handle_request] (/Users/khan/Downloads/Khan/Projects/vx-shripm/backend/node_modules/express/lib/router/layer.js:95:5)\n' +
    '    at trim_prefix (/Users/khan/Downloads/Khan/Projects/vx-shripm/backend/node_modules/express/lib/router/index.js:317:13)\n' +
    '    at /Users/khan/Downloads/Khan/Projects/vx-shripm/backend/node_modules/express/lib/router/index.js:284:7\n' +
    '    at Function.process_params (/Users/khan/Downloads/Khan/Projects/vx-shripm/backend/node_modules/express/lib/router/index.js:335:12)',
  [message]: "Cannot read properties of undefined (reading 'onmessage')"
}
2021-12-04 11:43:47 [32minfo[39m [index.js]: [0mGET /api/v1/sensors/test [31m500[0m 14.136 ms - 100[0m

2021-12-04 11:43:50 [32minfo[39m [index.js]: [0mGET /socket.io/?EIO=3&transport=polling&t=Ns3mMd2 [33m404[0m 0.483 ms - 75[0m

2021-12-04 11:43:56 [32minfo[39m [index.js]: [0mGET /socket.io/?EIO=3&transport=polling&t=Ns3mO4o [33m404[0m 0.567 ms - 75[0m

2021-12-04 11:44:02 [32minfo[39m [index.js]: [0mGET /socket.io/?EIO=3&transport=polling&t=Ns3mPYW [33m404[0m 0.336 ms - 75[0m

2021-12-04 11:44:08 [32minfo[39m [index.js]: [0mGET /socket.io/?EIO=3&transport=polling&t=Ns3mR0G [33m404[0m 0.685 ms - 75[0m

2021-12-04 11:44:15 [32minfo[39m [index.js]: Successfully connected to the database
2021-12-04 11:44:19 [31merror[39m [index.js]: TypeError: Cannot read properties of undefined (reading 'onmessage')
    at SensorsService.testSocket (/Users/khan/Downloads/Khan/Projects/vx-shripm/backend/src/api/sensors/sensors.service.js:82:21)
    at test (/Users/khan/Downloads/Khan/Projects/vx-shripm/backend/src/api/sensors/sensors.controller.js:22:30)
    at Layer.handle [as handle_request] (/Users/khan/Downloads/Khan/Projects/vx-shripm/backend/node_modules/express/lib/router/layer.js:95:5)
    at next (/Users/khan/Downloads/Khan/Projects/vx-shripm/backend/node_modules/express/lib/router/route.js:137:13)
    at Route.dispatch (/Users/khan/Downloads/Khan/Projects/vx-shripm/backend/node_modules/express/lib/router/route.js:112:3)
    at Layer.handle [as handle_request] (/Users/khan/Downloads/Khan/Projects/vx-shripm/backend/node_modules/express/lib/router/layer.js:95:5)
    at /Users/khan/Downloads/Khan/Projects/vx-shripm/backend/node_modules/express/lib/router/index.js:281:22
    at Function.process_params (/Users/khan/Downloads/Khan/Projects/vx-shripm/backend/node_modules/express/lib/router/index.js:335:12)
    at next (/Users/khan/Downloads/Khan/Projects/vx-shripm/backend/node_modules/express/lib/router/index.js:275:10)
    at Function.handle (/Users/khan/Downloads/Khan/Projects/vx-shripm/backend/node_modules/express/lib/router/index.js:174:3)
    at router (/Users/khan/Downloads/Khan/Projects/vx-shripm/backend/node_modules/express/lib/router/index.js:47:12)
    at Layer.handle [as handle_request] (/Users/khan/Downloads/Khan/Projects/vx-shripm/backend/node_modules/express/lib/router/layer.js:95:5)
    at trim_prefix (/Users/khan/Downloads/Khan/Projects/vx-shripm/backend/node_modules/express/lib/router/index.js:317:13)
    at /Users/khan/Downloads/Khan/Projects/vx-shripm/backend/node_modules/express/lib/router/index.js:284:7
    at Function.process_params (/Users/khan/Downloads/Khan/Projects/vx-shripm/backend/node_modules/express/lib/router/index.js:335:12)
    at next (/Users/khan/Downloads/Khan/Projects/vx-shripm/backend/node_modules/express/lib/router/index.js:275:10)
    at Function.handle (/Users/khan/Downloads/Khan/Projects/vx-shripm/backend/node_modules/express/lib/router/index.js:174:3)
    at router (/Users/khan/Downloads/Khan/Projects/vx-shripm/backend/node_modules/express/lib/router/index.js:47:12)
    at Layer.handle [as handle_request] (/Users/khan/Downloads/Khan/Projects/vx-shripm/backend/node_modules/express/lib/router/layer.js:95:5)
    at trim_prefix (/Users/khan/Downloads/Khan/Projects/vx-shripm/backend/node_modules/express/lib/router/index.js:317:13)
    at /Users/khan/Downloads/Khan/Projects/vx-shripm/backend/node_modules/express/lib/router/index.js:284:7
    at Function.process_params (/Users/khan/Downloads/Khan/Projects/vx-shripm/backend/node_modules/express/lib/router/index.js:335:12) {
  [stack]: "TypeError: Cannot read properties of undefined (reading 'onmessage')\n" +
    '    at SensorsService.testSocket (/Users/khan/Downloads/Khan/Projects/vx-shripm/backend/src/api/sensors/sensors.service.js:82:21)\n' +
    '    at test (/Users/khan/Downloads/Khan/Projects/vx-shripm/backend/src/api/sensors/sensors.controller.js:22:30)\n' +
    '    at Layer.handle [as handle_request] (/Users/khan/Downloads/Khan/Projects/vx-shripm/backend/node_modules/express/lib/router/layer.js:95:5)\n' +
    '    at next (/Users/khan/Downloads/Khan/Projects/vx-shripm/backend/node_modules/express/lib/router/route.js:137:13)\n' +
    '    at Route.dispatch (/Users/khan/Downloads/Khan/Projects/vx-shripm/backend/node_modules/express/lib/router/route.js:112:3)\n' +
    '    at Layer.handle [as handle_request] (/Users/khan/Downloads/Khan/Projects/vx-shripm/backend/node_modules/express/lib/router/layer.js:95:5)\n' +
    '    at /Users/khan/Downloads/Khan/Projects/vx-shripm/backend/node_modules/express/lib/router/index.js:281:22\n' +
    '    at Function.process_params (/Users/khan/Downloads/Khan/Projects/vx-shripm/backend/node_modules/express/lib/router/index.js:335:12)\n' +
    '    at next (/Users/khan/Downloads/Khan/Projects/vx-shripm/backend/node_modules/express/lib/router/index.js:275:10)\n' +
    '    at Function.handle (/Users/khan/Downloads/Khan/Projects/vx-shripm/backend/node_modules/express/lib/router/index.js:174:3)\n' +
    '    at router (/Users/khan/Downloads/Khan/Projects/vx-shripm/backend/node_modules/express/lib/router/index.js:47:12)\n' +
    '    at Layer.handle [as handle_request] (/Users/khan/Downloads/Khan/Projects/vx-shripm/backend/node_modules/express/lib/router/layer.js:95:5)\n' +
    '    at trim_prefix (/Users/khan/Downloads/Khan/Projects/vx-shripm/backend/node_modules/express/lib/router/index.js:317:13)\n' +
    '    at /Users/khan/Downloads/Khan/Projects/vx-shripm/backend/node_modules/express/lib/router/index.js:284:7\n' +
    '    at Function.process_params (/Users/khan/Downloads/Khan/Projects/vx-shripm/backend/node_modules/express/lib/router/index.js:335:12)\n' +
    '    at next (/Users/khan/Downloads/Khan/Projects/vx-shripm/backend/node_modules/express/lib/router/index.js:275:10)\n' +
    '    at Function.handle (/Users/khan/Downloads/Khan/Projects/vx-shripm/backend/node_modules/express/lib/router/index.js:174:3)\n' +
    '    at router (/Users/khan/Downloads/Khan/Projects/vx-shripm/backend/node_modules/express/lib/router/index.js:47:12)\n' +
    '    at Layer.handle [as handle_request] (/Users/khan/Downloads/Khan/Projects/vx-shripm/backend/node_modules/express/lib/router/layer.js:95:5)\n' +
    '    at trim_prefix (/Users/khan/Downloads/Khan/Projects/vx-shripm/backend/node_modules/express/lib/router/index.js:317:13)\n' +
    '    at /Users/khan/Downloads/Khan/Projects/vx-shripm/backend/node_modules/express/lib/router/index.js:284:7\n' +
    '    at Function.process_params (/Users/khan/Downloads/Khan/Projects/vx-shripm/backend/node_modules/express/lib/router/index.js:335:12)',
  [message]: "Cannot read properties of undefined (reading 'onmessage')"
}
2021-12-04 11:44:19 [32minfo[39m [index.js]: [0mGET /api/v1/sensors/test [31m500[0m 9.417 ms - 100[0m

2021-12-04 11:44:20 [32minfo[39m [index.js]: [0mGET /socket.io/?EIO=3&transport=polling&t=Ns3mTxi [33m404[0m 1.313 ms - 75[0m

2021-12-04 11:44:22 [31merror[39m [index.js]: TypeError: Cannot read properties of undefined (reading 'onmessage')
    at SensorsService.testSocket (/Users/khan/Downloads/Khan/Projects/vx-shripm/backend/src/api/sensors/sensors.service.js:82:21)
    at test (/Users/khan/Downloads/Khan/Projects/vx-shripm/backend/src/api/sensors/sensors.controller.js:22:30)
    at Layer.handle [as handle_request] (/Users/khan/Downloads/Khan/Projects/vx-shripm/backend/node_modules/express/lib/router/layer.js:95:5)
    at next (/Users/khan/Downloads/Khan/Projects/vx-shripm/backend/node_modules/express/lib/router/route.js:137:13)
    at Route.dispatch (/Users/khan/Downloads/Khan/Projects/vx-shripm/backend/node_modules/express/lib/router/route.js:112:3)
    at Layer.handle [as handle_request] (/Users/khan/Downloads/Khan/Projects/vx-shripm/backend/node_modules/express/lib/router/layer.js:95:5)
    at /Users/khan/Downloads/Khan/Projects/vx-shripm/backend/node_modules/express/lib/router/index.js:281:22
    at Function.process_params (/Users/khan/Downloads/Khan/Projects/vx-shripm/backend/node_modules/express/lib/router/index.js:335:12)
    at next (/Users/khan/Downloads/Khan/Projects/vx-shripm/backend/node_modules/express/lib/router/index.js:275:10)
    at Function.handle (/Users/khan/Downloads/Khan/Projects/vx-shripm/backend/node_modules/express/lib/router/index.js:174:3)
    at router (/Users/khan/Downloads/Khan/Projects/vx-shripm/backend/node_modules/express/lib/router/index.js:47:12)
    at Layer.handle [as handle_request] (/Users/khan/Downloads/Khan/Projects/vx-shripm/backend/node_modules/express/lib/router/layer.js:95:5)
    at trim_prefix (/Users/khan/Downloads/Khan/Projects/vx-shripm/backend/node_modules/express/lib/router/index.js:317:13)
    at /Users/khan/Downloads/Khan/Projects/vx-shripm/backend/node_modules/express/lib/router/index.js:284:7
    at Function.process_params (/Users/khan/Downloads/Khan/Projects/vx-shripm/backend/node_modules/express/lib/router/index.js:335:12)
    at next (/Users/khan/Downloads/Khan/Projects/vx-shripm/backend/node_modules/express/lib/router/index.js:275:10)
    at Function.handle (/Users/khan/Downloads/Khan/Projects/vx-shripm/backend/node_modules/express/lib/router/index.js:174:3)
    at router (/Users/khan/Downloads/Khan/Projects/vx-shripm/backend/node_modules/express/lib/router/index.js:47:12)
    at Layer.handle [as handle_request] (/Users/khan/Downloads/Khan/Projects/vx-shripm/backend/node_modules/express/lib/router/layer.js:95:5)
    at trim_prefix (/Users/khan/Downloads/Khan/Projects/vx-shripm/backend/node_modules/express/lib/router/index.js:317:13)
    at /Users/khan/Downloads/Khan/Projects/vx-shripm/backend/node_modules/express/lib/router/index.js:284:7
    at Function.process_params (/Users/khan/Downloads/Khan/Projects/vx-shripm/backend/node_modules/express/lib/router/index.js:335:12) {
  [stack]: "TypeError: Cannot read properties of undefined (reading 'onmessage')\n" +
    '    at SensorsService.testSocket (/Users/khan/Downloads/Khan/Projects/vx-shripm/backend/src/api/sensors/sensors.service.js:82:21)\n' +
    '    at test (/Users/khan/Downloads/Khan/Projects/vx-shripm/backend/src/api/sensors/sensors.controller.js:22:30)\n' +
    '    at Layer.handle [as handle_request] (/Users/khan/Downloads/Khan/Projects/vx-shripm/backend/node_modules/express/lib/router/layer.js:95:5)\n' +
    '    at next (/Users/khan/Downloads/Khan/Projects/vx-shripm/backend/node_modules/express/lib/router/route.js:137:13)\n' +
    '    at Route.dispatch (/Users/khan/Downloads/Khan/Projects/vx-shripm/backend/node_modules/express/lib/router/route.js:112:3)\n' +
    '    at Layer.handle [as handle_request] (/Users/khan/Downloads/Khan/Projects/vx-shripm/backend/node_modules/express/lib/router/layer.js:95:5)\n' +
    '    at /Users/khan/Downloads/Khan/Projects/vx-shripm/backend/node_modules/express/lib/router/index.js:281:22\n' +
    '    at Function.process_params (/Users/khan/Downloads/Khan/Projects/vx-shripm/backend/node_modules/express/lib/router/index.js:335:12)\n' +
    '    at next (/Users/khan/Downloads/Khan/Projects/vx-shripm/backend/node_modules/express/lib/router/index.js:275:10)\n' +
    '    at Function.handle (/Users/khan/Downloads/Khan/Projects/vx-shripm/backend/node_modules/express/lib/router/index.js:174:3)\n' +
    '    at router (/Users/khan/Downloads/Khan/Projects/vx-shripm/backend/node_modules/express/lib/router/index.js:47:12)\n' +
    '    at Layer.handle [as handle_request] (/Users/khan/Downloads/Khan/Projects/vx-shripm/backend/node_modules/express/lib/router/layer.js:95:5)\n' +
    '    at trim_prefix (/Users/khan/Downloads/Khan/Projects/vx-shripm/backend/node_modules/express/lib/router/index.js:317:13)\n' +
    '    at /Users/khan/Downloads/Khan/Projects/vx-shripm/backend/node_modules/express/lib/router/index.js:284:7\n' +
    '    at Function.process_params (/Users/khan/Downloads/Khan/Projects/vx-shripm/backend/node_modules/express/lib/router/index.js:335:12)\n' +
    '    at next (/Users/khan/Downloads/Khan/Projects/vx-shripm/backend/node_modules/express/lib/router/index.js:275:10)\n' +
    '    at Function.handle (/Users/khan/Downloads/Khan/Projects/vx-shripm/backend/node_modules/express/lib/router/index.js:174:3)\n' +
    '    at router (/Users/khan/Downloads/Khan/Projects/vx-shripm/backend/node_modules/express/lib/router/index.js:47:12)\n' +
    '    at Layer.handle [as handle_request] (/Users/khan/Downloads/Khan/Projects/vx-shripm/backend/node_modules/express/lib/router/layer.js:95:5)\n' +
    '    at trim_prefix (/Users/khan/Downloads/Khan/Projects/vx-shripm/backend/node_modules/express/lib/router/index.js:317:13)\n' +
    '    at /Users/khan/Downloads/Khan/Projects/vx-shripm/backend/node_modules/express/lib/router/index.js:284:7\n' +
    '    at Function.process_params (/Users/khan/Downloads/Khan/Projects/vx-shripm/backend/node_modules/express/lib/router/index.js:335:12)',
  [message]: "Cannot read properties of undefined (reading 'onmessage')"
}
2021-12-04 11:44:22 [32minfo[39m [index.js]: [0mGET /api/v1/sensors/test [31m500[0m 9.688 ms - 100[0m

2021-12-04 11:44:26 [32minfo[39m [index.js]: [0mGET /socket.io/?EIO=3&transport=polling&t=Ns3mVPH [33m404[0m 0.869 ms - 75[0m

2021-12-04 11:44:32 [32minfo[39m [index.js]: [0mGET /socket.io/?EIO=3&transport=polling&t=Ns3mWtG [33m404[0m 0.894 ms - 75[0m

2021-12-04 11:44:39 [32minfo[39m [index.js]: Successfully connected to the database
2021-12-04 11:44:44 [32minfo[39m [index.js]: [0mGET /socket.io/?EIO=3&transport=polling&t=Ns3mZog [33m404[0m 5.660 ms - 75[0m

2021-12-04 11:44:44 [31merror[39m [index.js]: TypeError: Cannot read properties of undefined (reading 'onmessage')
    at SensorsService.testSocket (/Users/khan/Downloads/Khan/Projects/vx-shripm/backend/src/api/sensors/sensors.service.js:83:21)
    at test (/Users/khan/Downloads/Khan/Projects/vx-shripm/backend/src/api/sensors/sensors.controller.js:22:30)
    at Layer.handle [as handle_request] (/Users/khan/Downloads/Khan/Projects/vx-shripm/backend/node_modules/express/lib/router/layer.js:95:5)
    at next (/Users/khan/Downloads/Khan/Projects/vx-shripm/backend/node_modules/express/lib/router/route.js:137:13)
    at Route.dispatch (/Users/khan/Downloads/Khan/Projects/vx-shripm/backend/node_modules/express/lib/router/route.js:112:3)
    at Layer.handle [as handle_request] (/Users/khan/Downloads/Khan/Projects/vx-shripm/backend/node_modules/express/lib/router/layer.js:95:5)
    at /Users/khan/Downloads/Khan/Projects/vx-shripm/backend/node_modules/express/lib/router/index.js:281:22
    at Function.process_params (/Users/khan/Downloads/Khan/Projects/vx-shripm/backend/node_modules/express/lib/router/index.js:335:12)
    at next (/Users/khan/Downloads/Khan/Projects/vx-shripm/backend/node_modules/express/lib/router/index.js:275:10)
    at Function.handle (/Users/khan/Downloads/Khan/Projects/vx-shripm/backend/node_modules/express/lib/router/index.js:174:3)
    at router (/Users/khan/Downloads/Khan/Projects/vx-shripm/backend/node_modules/express/lib/router/index.js:47:12)
    at Layer.handle [as handle_request] (/Users/khan/Downloads/Khan/Projects/vx-shripm/backend/node_modules/express/lib/router/layer.js:95:5)
    at trim_prefix (/Users/khan/Downloads/Khan/Projects/vx-shripm/backend/node_modules/express/lib/router/index.js:317:13)
    at /Users/khan/Downloads/Khan/Projects/vx-shripm/backend/node_modules/express/lib/router/index.js:284:7
    at Function.process_params (/Users/khan/Downloads/Khan/Projects/vx-shripm/backend/node_modules/express/lib/router/index.js:335:12)
    at next (/Users/khan/Downloads/Khan/Projects/vx-shripm/backend/node_modules/express/lib/router/index.js:275:10)
    at Function.handle (/Users/khan/Downloads/Khan/Projects/vx-shripm/backend/node_modules/express/lib/router/index.js:174:3)
    at router (/Users/khan/Downloads/Khan/Projects/vx-shripm/backend/node_modules/express/lib/router/index.js:47:12)
    at Layer.handle [as handle_request] (/Users/khan/Downloads/Khan/Projects/vx-shripm/backend/node_modules/express/lib/router/layer.js:95:5)
    at trim_prefix (/Users/khan/Downloads/Khan/Projects/vx-shripm/backend/node_modules/express/lib/router/index.js:317:13)
    at /Users/khan/Downloads/Khan/Projects/vx-shripm/backend/node_modules/express/lib/router/index.js:284:7
    at Function.process_params (/Users/khan/Downloads/Khan/Projects/vx-shripm/backend/node_modules/express/lib/router/index.js:335:12) {
  [stack]: "TypeError: Cannot read properties of undefined (reading 'onmessage')\n" +
    '    at SensorsService.testSocket (/Users/khan/Downloads/Khan/Projects/vx-shripm/backend/src/api/sensors/sensors.service.js:83:21)\n' +
    '    at test (/Users/khan/Downloads/Khan/Projects/vx-shripm/backend/src/api/sensors/sensors.controller.js:22:30)\n' +
    '    at Layer.handle [as handle_request] (/Users/khan/Downloads/Khan/Projects/vx-shripm/backend/node_modules/express/lib/router/layer.js:95:5)\n' +
    '    at next (/Users/khan/Downloads/Khan/Projects/vx-shripm/backend/node_modules/express/lib/router/route.js:137:13)\n' +
    '    at Route.dispatch (/Users/khan/Downloads/Khan/Projects/vx-shripm/backend/node_modules/express/lib/router/route.js:112:3)\n' +
    '    at Layer.handle [as handle_request] (/Users/khan/Downloads/Khan/Projects/vx-shripm/backend/node_modules/express/lib/router/layer.js:95:5)\n' +
    '    at /Users/khan/Downloads/Khan/Projects/vx-shripm/backend/node_modules/express/lib/router/index.js:281:22\n' +
    '    at Function.process_params (/Users/khan/Downloads/Khan/Projects/vx-shripm/backend/node_modules/express/lib/router/index.js:335:12)\n' +
    '    at next (/Users/khan/Downloads/Khan/Projects/vx-shripm/backend/node_modules/express/lib/router/index.js:275:10)\n' +
    '    at Function.handle (/Users/khan/Downloads/Khan/Projects/vx-shripm/backend/node_modules/express/lib/router/index.js:174:3)\n' +
    '    at router (/Users/khan/Downloads/Khan/Projects/vx-shripm/backend/node_modules/express/lib/router/index.js:47:12)\n' +
    '    at Layer.handle [as handle_request] (/Users/khan/Downloads/Khan/Projects/vx-shripm/backend/node_modules/express/lib/router/layer.js:95:5)\n' +
    '    at trim_prefix (/Users/khan/Downloads/Khan/Projects/vx-shripm/backend/node_modules/express/lib/router/index.js:317:13)\n' +
    '    at /Users/khan/Downloads/Khan/Projects/vx-shripm/backend/node_modules/express/lib/router/index.js:284:7\n' +
    '    at Function.process_params (/Users/khan/Downloads/Khan/Projects/vx-shripm/backend/node_modules/express/lib/router/index.js:335:12)\n' +
    '    at next (/Users/khan/Downloads/Khan/Projects/vx-shripm/backend/node_modules/express/lib/router/index.js:275:10)\n' +
    '    at Function.handle (/Users/khan/Downloads/Khan/Projects/vx-shripm/backend/node_modules/express/lib/router/index.js:174:3)\n' +
    '    at router (/Users/khan/Downloads/Khan/Projects/vx-shripm/backend/node_modules/express/lib/router/index.js:47:12)\n' +
    '    at Layer.handle [as handle_request] (/Users/khan/Downloads/Khan/Projects/vx-shripm/backend/node_modules/express/lib/router/layer.js:95:5)\n' +
    '    at trim_prefix (/Users/khan/Downloads/Khan/Projects/vx-shripm/backend/node_modules/express/lib/router/index.js:317:13)\n' +
    '    at /Users/khan/Downloads/Khan/Projects/vx-shripm/backend/node_modules/express/lib/router/index.js:284:7\n' +
    '    at Function.process_params (/Users/khan/Downloads/Khan/Projects/vx-shripm/backend/node_modules/express/lib/router/index.js:335:12)',
  [message]: "Cannot read properties of undefined (reading 'onmessage')"
}
2021-12-04 11:44:44 [32minfo[39m [index.js]: [0mGET /api/v1/sensors/test [31m500[0m 12.386 ms - 100[0m

2021-12-04 11:44:50 [32minfo[39m [index.js]: [0mGET /socket.io/?EIO=3&transport=polling&t=Ns3mbGQ [33m404[0m 0.411 ms - 75[0m

2021-12-04 11:44:56 [32minfo[39m [index.js]: [0mGET /socket.io/?EIO=3&transport=polling&t=Ns3mckB [33m404[0m 1.062 ms - 75[0m

2021-12-04 11:45:02 [32minfo[39m [index.js]: [0mGET /socket.io/?EIO=3&transport=polling&t=Ns3meB- [33m404[0m 0.303 ms - 75[0m

2021-12-04 11:45:08 [32minfo[39m [index.js]: [0mGET /socket.io/?EIO=3&transport=polling&t=Ns3mffi [33m404[0m 0.626 ms - 75[0m

2021-12-04 11:45:14 [32minfo[39m [index.js]: [0mGET /socket.io/?EIO=3&transport=polling&t=Ns3mh7P [33m404[0m 0.923 ms - 75[0m

2021-12-04 11:45:20 [32minfo[39m [index.js]: [0mGET /socket.io/?EIO=3&transport=polling&t=Ns3mibG [33m404[0m 0.641 ms - 75[0m

2021-12-04 11:45:26 [32minfo[39m [index.js]: [0mGET /socket.io/?EIO=3&transport=polling&t=Ns3mk2z [33m404[0m 0.814 ms - 75[0m

2021-12-04 11:45:32 [32minfo[39m [index.js]: [0mGET /socket.io/?EIO=3&transport=polling&t=Ns3mlWi [33m404[0m 0.334 ms - 75[0m

2021-12-04 11:45:38 [32minfo[39m [index.js]: [0mGET /socket.io/?EIO=3&transport=polling&t=Ns3mm-T [33m404[0m 0.558 ms - 75[0m

2021-12-04 11:45:44 [32minfo[39m [index.js]: [0mGET /socket.io/?EIO=3&transport=polling&t=Ns3moSE [33m404[0m 0.642 ms - 75[0m

2021-12-04 11:45:50 [32minfo[39m [index.js]: [0mGET /socket.io/?EIO=3&transport=polling&t=Ns3mpv- [33m404[0m 0.306 ms - 75[0m

2021-12-04 11:45:56 [32minfo[39m [index.js]: [0mGET /socket.io/?EIO=3&transport=polling&t=Ns3mrNZ [33m404[0m 0.479 ms - 75[0m

2021-12-04 11:46:02 [32minfo[39m [index.js]: [0mGET /socket.io/?EIO=3&transport=polling&t=Ns3msrI [33m404[0m 0.281 ms - 75[0m

2021-12-04 11:46:08 [32minfo[39m [index.js]: Successfully connected to the database
2021-12-04 11:46:08 [32minfo[39m [index.js]: [0mGET /socket.io/?EIO=3&transport=polling&t=Ns3muI_ [33m404[0m 6.752 ms - 75[0m

2021-12-04 11:46:14 [32minfo[39m [index.js]: [0mGET /socket.io/?EIO=3&transport=polling&t=Ns3mvm- [33m404[0m 1.508 ms - 75[0m

2021-12-04 11:46:15 [31merror[39m [index.js]: TypeError: _server.wsServer.onmessage is not a function
    at SensorsService.testSocket (/Users/khan/Downloads/Khan/Projects/vx-shripm/backend/src/api/sensors/sensors.service.js:83:22)
    at test (/Users/khan/Downloads/Khan/Projects/vx-shripm/backend/src/api/sensors/sensors.controller.js:22:30)
    at Layer.handle [as handle_request] (/Users/khan/Downloads/Khan/Projects/vx-shripm/backend/node_modules/express/lib/router/layer.js:95:5)
    at next (/Users/khan/Downloads/Khan/Projects/vx-shripm/backend/node_modules/express/lib/router/route.js:137:13)
    at Route.dispatch (/Users/khan/Downloads/Khan/Projects/vx-shripm/backend/node_modules/express/lib/router/route.js:112:3)
    at Layer.handle [as handle_request] (/Users/khan/Downloads/Khan/Projects/vx-shripm/backend/node_modules/express/lib/router/layer.js:95:5)
    at /Users/khan/Downloads/Khan/Projects/vx-shripm/backend/node_modules/express/lib/router/index.js:281:22
    at Function.process_params (/Users/khan/Downloads/Khan/Projects/vx-shripm/backend/node_modules/express/lib/router/index.js:335:12)
    at next (/Users/khan/Downloads/Khan/Projects/vx-shripm/backend/node_modules/express/lib/router/index.js:275:10)
    at Function.handle (/Users/khan/Downloads/Khan/Projects/vx-shripm/backend/node_modules/express/lib/router/index.js:174:3)
    at router (/Users/khan/Downloads/Khan/Projects/vx-shripm/backend/node_modules/express/lib/router/index.js:47:12)
    at Layer.handle [as handle_request] (/Users/khan/Downloads/Khan/Projects/vx-shripm/backend/node_modules/express/lib/router/layer.js:95:5)
    at trim_prefix (/Users/khan/Downloads/Khan/Projects/vx-shripm/backend/node_modules/express/lib/router/index.js:317:13)
    at /Users/khan/Downloads/Khan/Projects/vx-shripm/backend/node_modules/express/lib/router/index.js:284:7
    at Function.process_params (/Users/khan/Downloads/Khan/Projects/vx-shripm/backend/node_modules/express/lib/router/index.js:335:12)
    at next (/Users/khan/Downloads/Khan/Projects/vx-shripm/backend/node_modules/express/lib/router/index.js:275:10)
    at Function.handle (/Users/khan/Downloads/Khan/Projects/vx-shripm/backend/node_modules/express/lib/router/index.js:174:3)
    at router (/Users/khan/Downloads/Khan/Projects/vx-shripm/backend/node_modules/express/lib/router/index.js:47:12)
    at Layer.handle [as handle_request] (/Users/khan/Downloads/Khan/Projects/vx-shripm/backend/node_modules/express/lib/router/layer.js:95:5)
    at trim_prefix (/Users/khan/Downloads/Khan/Projects/vx-shripm/backend/node_modules/express/lib/router/index.js:317:13)
    at /Users/khan/Downloads/Khan/Projects/vx-shripm/backend/node_modules/express/lib/router/index.js:284:7
    at Function.process_params (/Users/khan/Downloads/Khan/Projects/vx-shripm/backend/node_modules/express/lib/router/index.js:335:12) {
  [stack]: 'TypeError: _server.wsServer.onmessage is not a function\n' +
    '    at SensorsService.testSocket (/Users/khan/Downloads/Khan/Projects/vx-shripm/backend/src/api/sensors/sensors.service.js:83:22)\n' +
    '    at test (/Users/khan/Downloads/Khan/Projects/vx-shripm/backend/src/api/sensors/sensors.controller.js:22:30)\n' +
    '    at Layer.handle [as handle_request] (/Users/khan/Downloads/Khan/Projects/vx-shripm/backend/node_modules/express/lib/router/layer.js:95:5)\n' +
    '    at next (/Users/khan/Downloads/Khan/Projects/vx-shripm/backend/node_modules/express/lib/router/route.js:137:13)\n' +
    '    at Route.dispatch (/Users/khan/Downloads/Khan/Projects/vx-shripm/backend/node_modules/express/lib/router/route.js:112:3)\n' +
    '    at Layer.handle [as handle_request] (/Users/khan/Downloads/Khan/Projects/vx-shripm/backend/node_modules/express/lib/router/layer.js:95:5)\n' +
    '    at /Users/khan/Downloads/Khan/Projects/vx-shripm/backend/node_modules/express/lib/router/index.js:281:22\n' +
    '    at Function.process_params (/Users/khan/Downloads/Khan/Projects/vx-shripm/backend/node_modules/express/lib/router/index.js:335:12)\n' +
    '    at next (/Users/khan/Downloads/Khan/Projects/vx-shripm/backend/node_modules/express/lib/router/index.js:275:10)\n' +
    '    at Function.handle (/Users/khan/Downloads/Khan/Projects/vx-shripm/backend/node_modules/express/lib/router/index.js:174:3)\n' +
    '    at router (/Users/khan/Downloads/Khan/Projects/vx-shripm/backend/node_modules/express/lib/router/index.js:47:12)\n' +
    '    at Layer.handle [as handle_request] (/Users/khan/Downloads/Khan/Projects/vx-shripm/backend/node_modules/express/lib/router/layer.js:95:5)\n' +
    '    at trim_prefix (/Users/khan/Downloads/Khan/Projects/vx-shripm/backend/node_modules/express/lib/router/index.js:317:13)\n' +
    '    at /Users/khan/Downloads/Khan/Projects/vx-shripm/backend/node_modules/express/lib/router/index.js:284:7\n' +
    '    at Function.process_params (/Users/khan/Downloads/Khan/Projects/vx-shripm/backend/node_modules/express/lib/router/index.js:335:12)\n' +
    '    at next (/Users/khan/Downloads/Khan/Projects/vx-shripm/backend/node_modules/express/lib/router/index.js:275:10)\n' +
    '    at Function.handle (/Users/khan/Downloads/Khan/Projects/vx-shripm/backend/node_modules/express/lib/router/index.js:174:3)\n' +
    '    at router (/Users/khan/Downloads/Khan/Projects/vx-shripm/backend/node_modules/express/lib/router/index.js:47:12)\n' +
    '    at Layer.handle [as handle_request] (/Users/khan/Downloads/Khan/Projects/vx-shripm/backend/node_modules/express/lib/router/layer.js:95:5)\n' +
    '    at trim_prefix (/Users/khan/Downloads/Khan/Projects/vx-shripm/backend/node_modules/express/lib/router/index.js:317:13)\n' +
    '    at /Users/khan/Downloads/Khan/Projects/vx-shripm/backend/node_modules/express/lib/router/index.js:284:7\n' +
    '    at Function.process_params (/Users/khan/Downloads/Khan/Projects/vx-shripm/backend/node_modules/express/lib/router/index.js:335:12)',
  [message]: '_server.wsServer.onmessage is not a function'
}
2021-12-04 11:46:15 [32minfo[39m [index.js]: [0mGET /api/v1/sensors/test [31m500[0m 14.820 ms - 87[0m

2021-12-04 11:46:20 [32minfo[39m [index.js]: [0mGET /socket.io/?EIO=3&transport=polling&t=Ns3mxEh [33m404[0m 1.247 ms - 75[0m

2021-12-04 11:46:26 [32minfo[39m [index.js]: [0mGET /socket.io/?EIO=3&transport=polling&t=Ns3myiV [33m404[0m 0.708 ms - 75[0m

2021-12-04 11:46:32 [32minfo[39m [index.js]: [0mGET /socket.io/?EIO=3&transport=polling&t=Ns3m-AF [33m404[0m 0.368 ms - 75[0m

2021-12-04 11:46:38 [32minfo[39m [index.js]: [0mGET /socket.io/?EIO=3&transport=polling&t=Ns3m_dv [33m404[0m 0.814 ms - 75[0m

2021-12-04 11:46:40 [32minfo[39m [index.js]: Successfully connected to the database
2021-12-04 11:46:44 [32minfo[39m [index.js]: [0mGET /socket.io/?EIO=3&transport=polling&t=Ns3n15g [33m404[0m 5.108 ms - 75[0m

2021-12-04 11:46:50 [32minfo[39m [index.js]: [0mGET /socket.io/?EIO=3&transport=polling&t=Ns3n2ZP [33m404[0m 1.897 ms - 75[0m

2021-12-04 11:46:56 [32minfo[39m [index.js]: [0mGET /socket.io/?EIO=3&transport=polling&t=Ns3n418 [33m404[0m 0.740 ms - 75[0m

2021-12-04 11:47:02 [32minfo[39m [index.js]: [0mGET /socket.io/?EIO=3&transport=polling&t=Ns3n5Uk [33m404[0m 0.793 ms - 75[0m

2021-12-04 11:47:08 [32minfo[39m [index.js]: [0mGET /socket.io/?EIO=3&transport=polling&t=Ns3n6yf [33m404[0m 0.772 ms - 75[0m

2021-12-04 11:47:14 [32minfo[39m [index.js]: [0mGET /socket.io/?EIO=3&transport=polling&t=Ns3n8QS [33m404[0m 0.810 ms - 75[0m

2021-12-04 11:47:20 [32minfo[39m [index.js]: [0mGET /socket.io/?EIO=3&transport=polling&t=Ns3n9u9 [33m404[0m 0.836 ms - 75[0m

2021-12-04 11:47:26 [32minfo[39m [index.js]: [0mGET /socket.io/?EIO=3&transport=polling&t=Ns3nBLq [33m404[0m 0.980 ms - 75[0m

2021-12-04 11:47:32 [32minfo[39m [index.js]: [0mGET /socket.io/?EIO=3&transport=polling&t=Ns3nCpf [33m404[0m 1.034 ms - 75[0m

2021-12-04 11:47:38 [32minfo[39m [index.js]: [0mGET /socket.io/?EIO=3&transport=polling&t=Ns3nEHI [33m404[0m 0.592 ms - 75[0m

2021-12-04 11:47:44 [32minfo[39m [index.js]: [0mGET /socket.io/?EIO=3&transport=polling&t=Ns3nFl6 [33m404[0m 0.637 ms - 75[0m

2021-12-04 11:47:50 [32minfo[39m [index.js]: [0mGET /socket.io/?EIO=3&transport=polling&t=Ns3nHCk [33m404[0m 0.733 ms - 75[0m

2021-12-04 11:47:56 [32minfo[39m [index.js]: [0mGET /socket.io/?EIO=3&transport=polling&t=Ns3nIgk [33m404[0m 0.597 ms - 75[0m

2021-12-04 11:48:02 [32minfo[39m [index.js]: [0mGET /socket.io/?EIO=3&transport=polling&t=Ns3nK8S [33m404[0m 0.708 ms - 75[0m

2021-12-04 11:48:08 [32minfo[39m [index.js]: [0mGET /socket.io/?EIO=3&transport=polling&t=Ns3nLcD [33m404[0m 0.638 ms - 75[0m

2021-12-04 11:48:14 [32minfo[39m [index.js]: [0mGET /socket.io/?EIO=3&transport=polling&t=Ns3nN3y [33m404[0m 1.973 ms - 75[0m

2021-12-04 11:48:20 [32minfo[39m [index.js]: [0mGET /socket.io/?EIO=3&transport=polling&t=Ns3nOXi [33m404[0m 0.734 ms - 75[0m

2021-12-04 11:48:26 [32minfo[39m [index.js]: [0mGET /socket.io/?EIO=3&transport=polling&t=Ns3nP_T [33m404[0m 0.760 ms - 75[0m

2021-12-04 11:48:32 [32minfo[39m [index.js]: [0mGET /socket.io/?EIO=3&transport=polling&t=Ns3nRTD [33m404[0m 0.384 ms - 75[0m

2021-12-04 11:48:38 [32minfo[39m [index.js]: [0mGET /socket.io/?EIO=3&transport=polling&t=Ns3nSwv [33m404[0m 0.304 ms - 75[0m

2021-12-04 11:48:44 [32minfo[39m [index.js]: [0mGET /socket.io/?EIO=3&transport=polling&t=Ns3nUOk [33m404[0m 0.309 ms - 75[0m

2021-12-04 11:48:50 [32minfo[39m [index.js]: [0mGET /socket.io/?EIO=3&transport=polling&t=Ns3nVsO [33m404[0m 0.711 ms - 75[0m

2021-12-04 11:48:56 [32minfo[39m [index.js]: [0mGET /socket.io/?EIO=3&transport=polling&t=Ns3nXK8 [33m404[0m 0.768 ms - 75[0m

2021-12-04 11:49:02 [32minfo[39m [index.js]: [0mGET /socket.io/?EIO=3&transport=polling&t=Ns3nYnv [33m404[0m 0.574 ms - 75[0m

2021-12-04 11:49:08 [32minfo[39m [index.js]: [0mGET /socket.io/?EIO=3&transport=polling&t=Ns3naFT [33m404[0m 0.807 ms - 75[0m

2021-12-04 11:49:14 [32minfo[39m [index.js]: [0mGET /socket.io/?EIO=3&transport=polling&t=Ns3nbjO [33m404[0m 0.657 ms - 75[0m

2021-12-04 11:49:20 [32minfo[39m [index.js]: [0mGET /socket.io/?EIO=3&transport=polling&t=Ns3ndA_ [33m404[0m 0.613 ms - 75[0m

2021-12-04 11:49:26 [32minfo[39m [index.js]: [0mGET /socket.io/?EIO=3&transport=polling&t=Ns3neem [33m404[0m 0.801 ms - 75[0m

2021-12-04 11:49:32 [32minfo[39m [index.js]: [0mGET /socket.io/?EIO=3&transport=polling&t=Ns3ng6e [33m404[0m 0.591 ms - 75[0m

2021-12-04 11:49:38 [32minfo[39m [index.js]: [0mGET /socket.io/?EIO=3&transport=polling&t=Ns3nhaR [33m404[0m 0.698 ms - 75[0m

2021-12-04 11:49:44 [32minfo[39m [index.js]: [0mGET /socket.io/?EIO=3&transport=polling&t=Ns3nj28 [33m404[0m 1.871 ms - 75[0m

2021-12-04 11:49:50 [32minfo[39m [index.js]: [0mGET /socket.io/?EIO=3&transport=polling&t=Ns3nkVv [33m404[0m 0.607 ms - 75[0m

2021-12-04 11:49:56 [32minfo[39m [index.js]: [0mGET /socket.io/?EIO=3&transport=polling&t=Ns3nlzf [33m404[0m 0.600 ms - 75[0m

2021-12-04 11:50:02 [32minfo[39m [index.js]: [0mGET /socket.io/?EIO=3&transport=polling&t=Ns3nnRR [33m404[0m 0.526 ms - 75[0m

2021-12-04 13:53:10 [32minfo[39m [index.js]: Successfully connected to the database
2021-12-04 13:53:14 [32minfo[39m [index.js]: [0mGET /socket.io/?EIO=3&transport=polling&t=Ns4D-6N [33m404[0m 3.018 ms - 75[0m

2021-12-04 13:53:14 [32minfo[39m [index.js]: [0mGET /socket.io/?EIO=3&transport=polling&t=Ns4D-6i [33m404[0m 0.656 ms - 75[0m

2021-12-04 13:53:22 [32minfo[39m [index.js]: Successfully connected to the database
2021-12-04 13:53:26 [32minfo[39m [index.js]: [0mGET /socket.io/?EIO=3&transport=polling&t=Ns4E120 [33m404[0m 5.580 ms - 75[0m

2021-12-04 13:53:31 [31merror[39m [index.js]: TypeError: _server.wsServer.send is not a function
    at SensorsService.testSocket (/Users/khan/Downloads/Khan/Projects/vx-shripm/backend/src/api/sensors/sensors.service.js:82:22)
    at test (/Users/khan/Downloads/Khan/Projects/vx-shripm/backend/src/api/sensors/sensors.controller.js:22:30)
    at Layer.handle [as handle_request] (/Users/khan/Downloads/Khan/Projects/vx-shripm/backend/node_modules/express/lib/router/layer.js:95:5)
    at next (/Users/khan/Downloads/Khan/Projects/vx-shripm/backend/node_modules/express/lib/router/route.js:137:13)
    at Route.dispatch (/Users/khan/Downloads/Khan/Projects/vx-shripm/backend/node_modules/express/lib/router/route.js:112:3)
    at Layer.handle [as handle_request] (/Users/khan/Downloads/Khan/Projects/vx-shripm/backend/node_modules/express/lib/router/layer.js:95:5)
    at /Users/khan/Downloads/Khan/Projects/vx-shripm/backend/node_modules/express/lib/router/index.js:281:22
    at Function.process_params (/Users/khan/Downloads/Khan/Projects/vx-shripm/backend/node_modules/express/lib/router/index.js:335:12)
    at next (/Users/khan/Downloads/Khan/Projects/vx-shripm/backend/node_modules/express/lib/router/index.js:275:10)
    at Function.handle (/Users/khan/Downloads/Khan/Projects/vx-shripm/backend/node_modules/express/lib/router/index.js:174:3)
    at router (/Users/khan/Downloads/Khan/Projects/vx-shripm/backend/node_modules/express/lib/router/index.js:47:12)
    at Layer.handle [as handle_request] (/Users/khan/Downloads/Khan/Projects/vx-shripm/backend/node_modules/express/lib/router/layer.js:95:5)
    at trim_prefix (/Users/khan/Downloads/Khan/Projects/vx-shripm/backend/node_modules/express/lib/router/index.js:317:13)
    at /Users/khan/Downloads/Khan/Projects/vx-shripm/backend/node_modules/express/lib/router/index.js:284:7
    at Function.process_params (/Users/khan/Downloads/Khan/Projects/vx-shripm/backend/node_modules/express/lib/router/index.js:335:12)
    at next (/Users/khan/Downloads/Khan/Projects/vx-shripm/backend/node_modules/express/lib/router/index.js:275:10)
    at Function.handle (/Users/khan/Downloads/Khan/Projects/vx-shripm/backend/node_modules/express/lib/router/index.js:174:3)
    at router (/Users/khan/Downloads/Khan/Projects/vx-shripm/backend/node_modules/express/lib/router/index.js:47:12)
    at Layer.handle [as handle_request] (/Users/khan/Downloads/Khan/Projects/vx-shripm/backend/node_modules/express/lib/router/layer.js:95:5)
    at trim_prefix (/Users/khan/Downloads/Khan/Projects/vx-shripm/backend/node_modules/express/lib/router/index.js:317:13)
    at /Users/khan/Downloads/Khan/Projects/vx-shripm/backend/node_modules/express/lib/router/index.js:284:7
    at Function.process_params (/Users/khan/Downloads/Khan/Projects/vx-shripm/backend/node_modules/express/lib/router/index.js:335:12) {
  [stack]: 'TypeError: _server.wsServer.send is not a function\n' +
    '    at SensorsService.testSocket (/Users/khan/Downloads/Khan/Projects/vx-shripm/backend/src/api/sensors/sensors.service.js:82:22)\n' +
    '    at test (/Users/khan/Downloads/Khan/Projects/vx-shripm/backend/src/api/sensors/sensors.controller.js:22:30)\n' +
    '    at Layer.handle [as handle_request] (/Users/khan/Downloads/Khan/Projects/vx-shripm/backend/node_modules/express/lib/router/layer.js:95:5)\n' +
    '    at next (/Users/khan/Downloads/Khan/Projects/vx-shripm/backend/node_modules/express/lib/router/route.js:137:13)\n' +
    '    at Route.dispatch (/Users/khan/Downloads/Khan/Projects/vx-shripm/backend/node_modules/express/lib/router/route.js:112:3)\n' +
    '    at Layer.handle [as handle_request] (/Users/khan/Downloads/Khan/Projects/vx-shripm/backend/node_modules/express/lib/router/layer.js:95:5)\n' +
    '    at /Users/khan/Downloads/Khan/Projects/vx-shripm/backend/node_modules/express/lib/router/index.js:281:22\n' +
    '    at Function.process_params (/Users/khan/Downloads/Khan/Projects/vx-shripm/backend/node_modules/express/lib/router/index.js:335:12)\n' +
    '    at next (/Users/khan/Downloads/Khan/Projects/vx-shripm/backend/node_modules/express/lib/router/index.js:275:10)\n' +
    '    at Function.handle (/Users/khan/Downloads/Khan/Projects/vx-shripm/backend/node_modules/express/lib/router/index.js:174:3)\n' +
    '    at router (/Users/khan/Downloads/Khan/Projects/vx-shripm/backend/node_modules/express/lib/router/index.js:47:12)\n' +
    '    at Layer.handle [as handle_request] (/Users/khan/Downloads/Khan/Projects/vx-shripm/backend/node_modules/express/lib/router/layer.js:95:5)\n' +
    '    at trim_prefix (/Users/khan/Downloads/Khan/Projects/vx-shripm/backend/node_modules/express/lib/router/index.js:317:13)\n' +
    '    at /Users/khan/Downloads/Khan/Projects/vx-shripm/backend/node_modules/express/lib/router/index.js:284:7\n' +
    '    at Function.process_params (/Users/khan/Downloads/Khan/Projects/vx-shripm/backend/node_modules/express/lib/router/index.js:335:12)\n' +
    '    at next (/Users/khan/Downloads/Khan/Projects/vx-shripm/backend/node_modules/express/lib/router/index.js:275:10)\n' +
    '    at Function.handle (/Users/khan/Downloads/Khan/Projects/vx-shripm/backend/node_modules/express/lib/router/index.js:174:3)\n' +
    '    at router (/Users/khan/Downloads/Khan/Projects/vx-shripm/backend/node_modules/express/lib/router/index.js:47:12)\n' +
    '    at Layer.handle [as handle_request] (/Users/khan/Downloads/Khan/Projects/vx-shripm/backend/node_modules/express/lib/router/layer.js:95:5)\n' +
    '    at trim_prefix (/Users/khan/Downloads/Khan/Projects/vx-shripm/backend/node_modules/express/lib/router/index.js:317:13)\n' +
    '    at /Users/khan/Downloads/Khan/Projects/vx-shripm/backend/node_modules/express/lib/router/index.js:284:7\n' +
    '    at Function.process_params (/Users/khan/Downloads/Khan/Projects/vx-shripm/backend/node_modules/express/lib/router/index.js:335:12)',
  [message]: '_server.wsServer.send is not a function'
}
2021-12-04 13:53:31 [32minfo[39m [index.js]: [0mGET /api/v1/sensors/test [31m500[0m 13.075 ms - 82[0m

2021-12-04 13:53:32 [32minfo[39m [index.js]: [0mGET /socket.io/?EIO=3&transport=polling&t=Ns4E2Vd [33m404[0m 1.674 ms - 75[0m

2021-12-04 13:53:32 [32minfo[39m [index.js]: [0mGET /socket.io/?EIO=3&transport=polling&t=Ns4E2Vx [33m404[0m 0.717 ms - 75[0m

2021-12-04 13:53:38 [32minfo[39m [index.js]: [0mGET /socket.io/?EIO=3&transport=polling&t=Ns4E3zN [33m404[0m 0.568 ms - 75[0m

2021-12-04 13:53:38 [32minfo[39m [index.js]: [0mGET /socket.io/?EIO=3&transport=polling&t=Ns4E3zZ [33m404[0m 0.565 ms - 75[0m

2021-12-04 13:53:44 [32minfo[39m [index.js]: [0mGET /socket.io/?EIO=3&transport=polling&t=Ns4E5RL [33m404[0m 0.324 ms - 75[0m

2021-12-04 13:53:44 [32minfo[39m [index.js]: [0mGET /socket.io/?EIO=3&transport=polling&t=Ns4E5RX [33m404[0m 0.352 ms - 75[0m

2021-12-04 13:53:44 [32minfo[39m [index.js]: [0mGET /socket.io/?EIO=3&transport=polling&t=Ns4E5Rf [33m404[0m 0.335 ms - 75[0m

2021-12-04 13:53:44 [32minfo[39m [index.js]: [0mGET /socket.io/?EIO=3&transport=polling&t=Ns4E5Rn [33m404[0m 0.310 ms - 75[0m

2021-12-04 13:53:50 [32minfo[39m [index.js]: [0mGET /socket.io/?EIO=3&transport=polling&t=Ns4E6ur [33m404[0m 0.697 ms - 75[0m

2021-12-04 13:53:56 [32minfo[39m [index.js]: [0mGET /socket.io/?EIO=3&transport=polling&t=Ns4E8Mo [33m404[0m 0.369 ms - 75[0m

2021-12-04 13:53:56 [32minfo[39m [index.js]: [0mGET /socket.io/?EIO=3&transport=polling&t=Ns4E8M- [33m404[0m 0.589 ms - 75[0m

2021-12-04 13:54:02 [32minfo[39m [index.js]: [0mGET /socket.io/?EIO=3&transport=polling&t=Ns4E9qY [33m404[0m 0.720 ms - 75[0m

2021-12-04 13:54:08 [32minfo[39m [index.js]: [0mGET /socket.io/?EIO=3&transport=polling&t=Ns4EBIJ [33m404[0m 0.653 ms - 75[0m

2021-12-04 13:54:08 [32minfo[39m [index.js]: [0mGET /socket.io/?EIO=3&transport=polling&t=Ns4EBIX [33m404[0m 0.599 ms - 75[0m

2021-12-04 13:54:08 [32minfo[39m [index.js]: [0mGET /socket.io/?EIO=3&transport=polling&t=Ns4EBIh [33m404[0m 0.668 ms - 75[0m

2021-12-04 13:54:14 [32minfo[39m [index.js]: [0mGET /socket.io/?EIO=3&transport=polling&t=Ns4EClr [33m404[0m 0.762 ms - 75[0m

2021-12-04 13:54:14 [32minfo[39m [index.js]: [0mGET /socket.io/?EIO=3&transport=polling&t=Ns4ECm4 [33m404[0m 0.639 ms - 75[0m

2021-12-04 13:54:20 [32minfo[39m [index.js]: [0mGET /socket.io/?EIO=3&transport=polling&t=Ns4EEDm [33m404[0m 0.614 ms - 75[0m

2021-12-04 13:54:26 [32minfo[39m [index.js]: [0mGET /socket.io/?EIO=3&transport=polling&t=Ns4EFha [33m404[0m 0.511 ms - 75[0m

2021-12-04 13:54:32 [32minfo[39m [index.js]: [0mGET /socket.io/?EIO=3&transport=polling&t=Ns4EH9K [33m404[0m 0.677 ms - 75[0m

2021-12-04 13:54:38 [32minfo[39m [index.js]: [0mGET /socket.io/?EIO=3&transport=polling&t=Ns4EIct [33m404[0m 0.834 ms - 75[0m

2021-12-04 13:54:44 [32minfo[39m [index.js]: [0mGET /socket.io/?EIO=3&transport=polling&t=Ns4EK4n [33m404[0m 0.760 ms - 75[0m

2021-12-04 13:54:44 [32minfo[39m [index.js]: [0mGET /socket.io/?EIO=3&transport=polling&t=Ns4EK4y [33m404[0m 0.645 ms - 75[0m

2021-12-04 13:54:44 [32minfo[39m [index.js]: [0mGET /socket.io/?EIO=3&transport=polling&t=Ns4EK56 [33m404[0m 0.742 ms - 75[0m

2021-12-04 13:54:44 [32minfo[39m [index.js]: [0mGET /socket.io/?EIO=3&transport=polling&t=Ns4EK5F [33m404[0m 0.898 ms - 75[0m

2021-12-04 13:54:44 [32minfo[39m [index.js]: [0mGET /socket.io/?EIO=3&transport=polling&t=Ns4EK5U [33m404[0m 0.860 ms - 75[0m

2021-12-04 13:54:44 [32minfo[39m [index.js]: [0mGET /socket.io/?EIO=3&transport=polling&t=Ns4EK5d [33m404[0m 0.556 ms - 75[0m

2021-12-04 13:54:44 [32minfo[39m [index.js]: [0mGET /socket.io/?EIO=3&transport=polling&t=Ns4EK5l [33m404[0m 0.435 ms - 75[0m

2021-12-04 13:54:50 [32minfo[39m [index.js]: [0mGET /socket.io/?EIO=3&transport=polling&t=Ns4ELYX [33m404[0m 1.059 ms - 75[0m

2021-12-04 13:54:50 [32minfo[39m [index.js]: [0mGET /socket.io/?EIO=3&transport=polling&t=Ns4ELYi [33m404[0m 0.597 ms - 75[0m

2021-12-04 13:54:50 [32minfo[39m [index.js]: [0mGET /socket.io/?EIO=3&transport=polling&t=Ns4ELYr [33m404[0m 0.710 ms - 75[0m

2021-12-04 13:54:50 [32minfo[39m [index.js]: [0mGET /socket.io/?EIO=3&transport=polling&t=Ns4ELY- [33m404[0m 0.607 ms - 75[0m

2021-12-04 13:54:50 [32minfo[39m [index.js]: [0mGET /socket.io/?EIO=3&transport=polling&t=Ns4ELZ7 [33m404[0m 2.736 ms - 75[0m

2021-12-04 13:54:50 [32minfo[39m [index.js]: [0mGET /socket.io/?EIO=3&transport=polling&t=Ns4ELZI [33m404[0m 1.706 ms - 75[0m

2021-12-04 13:54:56 [32minfo[39m [index.js]: [0mGET /socket.io/?EIO=3&transport=polling&t=Ns4EN0G [33m404[0m 0.581 ms - 75[0m

2021-12-04 13:54:56 [32minfo[39m [index.js]: [0mGET /socket.io/?EIO=3&transport=polling&t=Ns4EN0O [33m404[0m 0.706 ms - 75[0m

2021-12-04 13:54:56 [32minfo[39m [index.js]: [0mGET /socket.io/?EIO=3&transport=polling&t=Ns4EN0Z [33m404[0m 0.696 ms - 75[0m

2021-12-04 13:54:56 [32minfo[39m [index.js]: [0mGET /socket.io/?EIO=3&transport=polling&t=Ns4EN0h [33m404[0m 0.612 ms - 75[0m

2021-12-04 13:55:02 [32minfo[39m [index.js]: [0mGET /socket.io/?EIO=3&transport=polling&t=Ns4EOTw [33m404[0m 0.911 ms - 75[0m

2021-12-04 13:55:08 [32minfo[39m [index.js]: [0mGET /socket.io/?EIO=3&transport=polling&t=Ns4EPxd [33m404[0m 0.634 ms - 75[0m

2021-12-04 13:55:08 [32minfo[39m [index.js]: [0mGET /socket.io/?EIO=3&transport=polling&t=Ns4EPxq [33m404[0m 1.582 ms - 75[0m

2021-12-04 13:55:14 [32minfo[39m [index.js]: [0mGET /socket.io/?EIO=3&transport=polling&t=Ns4ERPT [33m404[0m 0.605 ms - 75[0m

2021-12-04 13:55:20 [32minfo[39m [index.js]: [0mGET /socket.io/?EIO=3&transport=polling&t=Ns4EStG [33m404[0m 0.664 ms - 75[0m

2021-12-04 13:55:26 [32minfo[39m [index.js]: [0mGET /socket.io/?EIO=3&transport=polling&t=Ns4EUKu [33m404[0m 1.202 ms - 75[0m

2021-12-04 13:55:32 [32minfo[39m [index.js]: [0mGET /socket.io/?EIO=3&transport=polling&t=Ns4EVof [33m404[0m 1.103 ms - 75[0m

2021-12-04 13:55:38 [32minfo[39m [index.js]: [0mGET /socket.io/?EIO=3&transport=polling&t=Ns4EXGO [33m404[0m 0.669 ms - 75[0m

2021-12-04 13:55:44 [32minfo[39m [index.js]: [0mGET /socket.io/?EIO=3&transport=polling&t=Ns4EYk8 [33m404[0m 0.587 ms - 75[0m

2021-12-04 13:55:44 [32minfo[39m [index.js]: [0mGET /socket.io/?EIO=3&transport=polling&t=Ns4EYkG [33m404[0m 3.082 ms - 75[0m

2021-12-04 13:55:44 [32minfo[39m [index.js]: [0mGET /socket.io/?EIO=3&transport=polling&t=Ns4EYkR [33m404[0m 0.690 ms - 75[0m

2021-12-04 13:55:50 [32minfo[39m [index.js]: [0mGET /socket.io/?EIO=3&transport=polling&t=Ns4EaC0 [33m404[0m 0.705 ms - 75[0m

2021-12-04 13:55:50 [32minfo[39m [index.js]: [0mGET /socket.io/?EIO=3&transport=polling&t=Ns4EaC9 [33m404[0m 0.969 ms - 75[0m

2021-12-04 13:55:56 [32minfo[39m [index.js]: [0mGET /socket.io/?EIO=3&transport=polling&t=Ns4Ebfe [33m404[0m 0.665 ms - 75[0m

2021-12-04 13:56:02 [32minfo[39m [index.js]: [0mGET /socket.io/?EIO=3&transport=polling&t=Ns4Ed7X [33m404[0m 0.680 ms - 75[0m

2021-12-04 13:56:02 [32minfo[39m [index.js]: [0mGET /socket.io/?EIO=3&transport=polling&t=Ns4Ed7k [33m404[0m 0.659 ms - 75[0m

2021-12-04 13:56:08 [32minfo[39m [index.js]: [0mGET /socket.io/?EIO=3&transport=polling&t=Ns4Eeb8 [33m404[0m 0.366 ms - 75[0m

2021-12-04 13:56:08 [32minfo[39m [index.js]: [0mGET /socket.io/?EIO=3&transport=polling&t=Ns4EebH [33m404[0m 0.424 ms - 75[0m

2021-12-04 13:56:08 [32minfo[39m [index.js]: [0mGET /socket.io/?EIO=3&transport=polling&t=Ns4EebO [33m404[0m 0.298 ms - 75[0m

2021-12-04 13:56:08 [32minfo[39m [index.js]: [0mGET /socket.io/?EIO=3&transport=polling&t=Ns4EebW [33m404[0m 0.289 ms - 75[0m

2021-12-04 13:56:08 [32minfo[39m [index.js]: [0mGET /socket.io/?EIO=3&transport=polling&t=Ns4Eebg [33m404[0m 0.450 ms - 75[0m

2021-12-04 13:56:14 [32minfo[39m [index.js]: [0mGET /socket.io/?EIO=3&transport=polling&t=Ns4Eg2s [33m404[0m 0.320 ms - 75[0m

2021-12-04 13:56:14 [32minfo[39m [index.js]: [0mGET /socket.io/?EIO=3&transport=polling&t=Ns4Eg30 [33m404[0m 0.462 ms - 75[0m

2021-12-04 13:56:14 [32minfo[39m [index.js]: [0mGET /socket.io/?EIO=3&transport=polling&t=Ns4Eg37 [33m404[0m 0.387 ms - 75[0m

2021-12-04 13:56:14 [32minfo[39m [index.js]: [0mGET /socket.io/?EIO=3&transport=polling&t=Ns4Eg3E [33m404[0m 0.260 ms - 75[0m

2021-12-04 13:56:14 [32minfo[39m [index.js]: [0mGET /socket.io/?EIO=3&transport=polling&t=Ns4Eg3L [33m404[0m 0.286 ms - 75[0m

2021-12-04 13:56:14 [32minfo[39m [index.js]: [0mGET /socket.io/?EIO=3&transport=polling&t=Ns4Eg3S [33m404[0m 0.289 ms - 75[0m

2021-12-04 13:56:14 [32minfo[39m [index.js]: [0mGET /socket.io/?EIO=3&transport=polling&t=Ns4Eg3Z [33m404[0m 0.437 ms - 75[0m

2021-12-04 13:56:20 [32minfo[39m [index.js]: [0mGET /socket.io/?EIO=3&transport=polling&t=Ns4EhWe [33m404[0m 0.630 ms - 75[0m

2021-12-04 13:56:20 [32minfo[39m [index.js]: [0mGET /socket.io/?EIO=3&transport=polling&t=Ns4EhWr [33m404[0m 0.674 ms - 75[0m

2021-12-04 13:56:26 [32minfo[39m [index.js]: [0mGET /socket.io/?EIO=3&transport=polling&t=Ns4Ei-P [33m404[0m 0.766 ms - 75[0m

2021-12-04 13:56:32 [32minfo[39m [index.js]: [0mGET /socket.io/?EIO=3&transport=polling&t=Ns4EkS7 [33m404[0m 0.593 ms - 75[0m

2021-12-04 13:56:38 [32minfo[39m [index.js]: [0mGET /socket.io/?EIO=3&transport=polling&t=Ns4Elvu [33m404[0m 0.619 ms - 75[0m

2021-12-04 13:56:44 [32minfo[39m [index.js]: [0mGET /socket.io/?EIO=3&transport=polling&t=Ns4EnNe [33m404[0m 0.772 ms - 75[0m

2021-12-04 13:56:50 [32minfo[39m [index.js]: [0mGET /socket.io/?EIO=3&transport=polling&t=Ns4EorL [33m404[0m 0.731 ms - 75[0m

2021-12-04 13:56:50 [32minfo[39m [index.js]: [0mGET /socket.io/?EIO=3&transport=polling&t=Ns4EorZ [33m404[0m 0.500 ms - 75[0m

2021-12-04 13:56:50 [32minfo[39m [index.js]: [0mGET /socket.io/?EIO=3&transport=polling&t=Ns4Eorj [33m404[0m 0.629 ms - 75[0m

2021-12-04 13:56:56 [32minfo[39m [index.js]: [0mGET /socket.io/?EIO=3&transport=polling&t=Ns4EqJ5 [33m404[0m 0.453 ms - 75[0m

2021-12-04 13:56:56 [32minfo[39m [index.js]: [0mGET /socket.io/?EIO=3&transport=polling&t=Ns4EqJK [33m404[0m 0.348 ms - 75[0m

2021-12-04 13:56:56 [32minfo[39m [index.js]: [0mGET /socket.io/?EIO=3&transport=polling&t=Ns4EqJS [33m404[0m 0.282 ms - 75[0m

2021-12-04 13:56:56 [32minfo[39m [index.js]: [0mGET /socket.io/?EIO=3&transport=polling&t=Ns4EqJa [33m404[0m 0.453 ms - 75[0m

2021-12-04 13:56:56 [32minfo[39m [index.js]: [0mGET /socket.io/?EIO=3&transport=polling&t=Ns4EqJi [33m404[0m 0.275 ms - 75[0m

2021-12-04 13:57:02 [32minfo[39m [index.js]: [0mGET /socket.io/?EIO=3&transport=polling&t=Ns4Erms [33m404[0m 0.449 ms - 75[0m

2021-12-04 13:57:08 [32minfo[39m [index.js]: [0mGET /socket.io/?EIO=3&transport=polling&t=Ns4EtEc [33m404[0m 0.439 ms - 75[0m

2021-12-04 13:57:13 [32minfo[39m [index.js]: Successfully connected to the database
2021-12-04 13:57:14 [32minfo[39m [index.js]: [0mGET /socket.io/?EIO=3&transport=polling&t=Ns4EuiM [33m404[0m 5.399 ms - 75[0m

2021-12-04 13:57:14 [32minfo[39m [index.js]: [0mGET /socket.io/?EIO=3&transport=polling&t=Ns4Euio [33m404[0m 0.973 ms - 75[0m

2021-12-04 13:57:14 [32minfo[39m [index.js]: [0mGET /socket.io/?EIO=3&transport=polling&t=Ns4Eui- [33m404[0m 0.863 ms - 75[0m

2021-12-04 13:57:14 [32minfo[39m [index.js]: [0mGET /socket.io/?EIO=3&transport=polling&t=Ns4Euj7 [33m404[0m 0.518 ms - 75[0m

2021-12-04 13:57:14 [32minfo[39m [index.js]: [0mGET /socket.io/?EIO=3&transport=polling&t=Ns4EujG [33m404[0m 0.461 ms - 75[0m

2021-12-04 13:57:14 [32minfo[39m [index.js]: [0mGET /socket.io/?EIO=3&transport=polling&t=Ns4EujR [33m404[0m 0.397 ms - 75[0m

2021-12-04 13:57:14 [32minfo[39m [index.js]: [0mGET /socket.io/?EIO=3&transport=polling&t=Ns4EujZ [33m404[0m 0.515 ms - 75[0m

2021-12-04 13:57:20 [32minfo[39m [index.js]: [0mGET /socket.io/?EIO=3&transport=polling&t=Ns4EwAH [33m404[0m 0.628 ms - 75[0m

2021-12-04 13:57:20 [32minfo[39m [index.js]: [0mGET /socket.io/?EIO=3&transport=polling&t=Ns4EwAU [33m404[0m 0.649 ms - 75[0m

2021-12-04 13:57:26 [32minfo[39m [index.js]: [0mGET /socket.io/?EIO=3&transport=polling&t=Ns4Exe2 [33m404[0m 0.941 ms - 75[0m

2021-12-04 13:57:32 [32minfo[39m [index.js]: [0mGET /socket.io/?EIO=3&transport=polling&t=Ns4Ez5n [33m404[0m 0.800 ms - 75[0m

2021-12-04 13:57:34 [32minfo[39m [index.js]: [0mGET /api/v1/sensors/test [0m-[0m - ms - -[0m

2021-12-04 13:57:38 [32minfo[39m [index.js]: [0mGET /socket.io/?EIO=3&transport=polling&t=Ns4E-ZX [33m404[0m 0.276 ms - 75[0m

2021-12-04 13:57:38 [32minfo[39m [index.js]: [0mGET /socket.io/?EIO=3&transport=polling&t=Ns4E-Ze [33m404[0m 0.302 ms - 75[0m

2021-12-04 13:57:44 [32minfo[39m [index.js]: [0mGET /socket.io/?EIO=3&transport=polling&t=Ns4F01H [33m404[0m 0.745 ms - 75[0m

2021-12-04 13:57:50 [32minfo[39m [index.js]: [0mGET /socket.io/?EIO=3&transport=polling&t=Ns4F1Uy [33m404[0m 0.400 ms - 75[0m

2021-12-04 13:57:53 [32minfo[39m [index.js]: Successfully connected to the database
2021-12-04 13:57:56 [32minfo[39m [index.js]: [0mGET /socket.io/?EIO=3&transport=polling&t=Ns4F2ye [33m404[0m 2.457 ms - 75[0m

2021-12-04 13:57:56 [32minfo[39m [index.js]: [0mGET /socket.io/?EIO=3&transport=polling&t=Ns4F2z5 [33m404[0m 0.997 ms - 75[0m

2021-12-04 13:57:56 [32minfo[39m [index.js]: [0mGET /socket.io/?EIO=3&transport=polling&t=Ns4F2zG [33m404[0m 0.732 ms - 75[0m

2021-12-04 13:58:01 [32minfo[39m [index.js]: [0mGET /api/v1/sensors/test [0m-[0m - ms - -[0m

2021-12-04 13:58:02 [32minfo[39m [index.js]: [0mGET /socket.io/?EIO=3&transport=polling&t=Ns4F4QX [33m404[0m 0.914 ms - 75[0m

2021-12-04 13:58:02 [32minfo[39m [index.js]: [0mGET /socket.io/?EIO=3&transport=polling&t=Ns4F4Qk [33m404[0m 0.766 ms - 75[0m

2021-12-04 13:58:02 [32minfo[39m [index.js]: [0mGET /socket.io/?EIO=3&transport=polling&t=Ns4F4Qv [33m404[0m 0.733 ms - 75[0m

2021-12-04 13:58:02 [32minfo[39m [index.js]: [0mGET /socket.io/?EIO=3&transport=polling&t=Ns4F4R2 [33m404[0m 0.819 ms - 75[0m

2021-12-04 13:58:02 [32minfo[39m [index.js]: [0mGET /socket.io/?EIO=3&transport=polling&t=Ns4F4RC [33m404[0m 0.634 ms - 75[0m

2021-12-04 13:58:02 [32minfo[39m [index.js]: [0mGET /socket.io/?EIO=3&transport=polling&t=Ns4F4RM [33m404[0m 0.517 ms - 75[0m

2021-12-04 13:58:09 [32minfo[39m [index.js]: Successfully connected to the database
2021-12-04 13:58:14 [32minfo[39m [index.js]: [0mGET /socket.io/?EIO=3&transport=polling&t=Ns4F7M1 [33m404[0m 1.327 ms - 75[0m

2021-12-04 13:58:20 [32minfo[39m [index.js]: [0mGET /socket.io/?EIO=3&transport=polling&t=Ns4F8pm [33m404[0m 0.655 ms - 75[0m

2021-12-04 13:58:20 [32minfo[39m [index.js]: [0mGET /socket.io/?EIO=3&transport=polling&t=Ns4F8pz [33m404[0m 0.726 ms - 75[0m

2021-12-04 13:58:20 [32minfo[39m [index.js]: [0mGET /socket.io/?EIO=3&transport=polling&t=Ns4F8q6 [33m404[0m 0.635 ms - 75[0m

2021-12-04 13:58:20 [32minfo[39m [index.js]: [0mGET /socket.io/?EIO=3&transport=polling&t=Ns4F8qF [33m404[0m 0.620 ms - 75[0m

2021-12-04 13:58:20 [32minfo[39m [index.js]: [0mGET /socket.io/?EIO=3&transport=polling&t=Ns4F8qP [33m404[0m 0.498 ms - 75[0m

2021-12-04 13:58:26 [32minfo[39m [index.js]: [0mGET /socket.io/?EIO=3&transport=polling&t=Ns4FAHX [33m404[0m 0.703 ms - 75[0m

2021-12-04 13:58:26 [32minfo[39m [index.js]: [0mGET /socket.io/?EIO=3&transport=polling&t=Ns4FAHi [33m404[0m 0.522 ms - 75[0m

2021-12-04 13:58:32 [32minfo[39m [index.js]: [0mGET /socket.io/?EIO=3&transport=polling&t=Ns4FBlH [33m404[0m 0.675 ms - 75[0m

2021-12-04 13:58:32 [32minfo[39m [index.js]: [0mGET /socket.io/?EIO=3&transport=polling&t=Ns4FBlV [33m404[0m 0.655 ms - 75[0m

2021-12-04 13:58:38 [32minfo[39m [index.js]: [0mGET /socket.io/?EIO=3&transport=polling&t=Ns4FDD1 [33m404[0m 0.904 ms - 75[0m

2021-12-04 13:58:44 [32minfo[39m [index.js]: [0mGET /socket.io/?EIO=3&transport=polling&t=Ns4FEgn [33m404[0m 0.659 ms - 75[0m

2021-12-04 13:58:50 [32minfo[39m [index.js]: [0mGET /socket.io/?EIO=3&transport=polling&t=Ns4FG8X [33m404[0m 0.830 ms - 75[0m

2021-12-04 13:58:56 [32minfo[39m [index.js]: [0mGET /socket.io/?EIO=3&transport=polling&t=Ns4FHcK [33m404[0m 0.381 ms - 75[0m

2021-12-04 13:59:02 [32minfo[39m [index.js]: [0mGET /socket.io/?EIO=3&transport=polling&t=Ns4FJ43 [33m404[0m 0.862 ms - 75[0m

2021-12-04 13:59:08 [32minfo[39m [index.js]: [0mGET /socket.io/?EIO=3&transport=polling&t=Ns4FKXp [33m404[0m 0.375 ms - 75[0m

2021-12-04 13:59:08 [32minfo[39m [index.js]: [0mGET /socket.io/?EIO=3&transport=polling&t=Ns4FKXy [33m404[0m 1.830 ms - 75[0m

2021-12-04 13:59:14 [32minfo[39m [index.js]: [0mGET /socket.io/?EIO=3&transport=polling&t=Ns4FL_X [33m404[0m 0.656 ms - 75[0m

2021-12-04 13:59:14 [32minfo[39m [index.js]: [0mGET /socket.io/?EIO=3&transport=polling&t=Ns4FL_k [33m404[0m 0.738 ms - 75[0m

2021-12-04 13:59:14 [32minfo[39m [index.js]: [0mGET /socket.io/?EIO=3&transport=polling&t=Ns4FL_v [33m404[0m 0.563 ms - 75[0m

2021-12-04 13:59:20 [32minfo[39m [index.js]: [0mGET /socket.io/?EIO=3&transport=polling&t=Ns4FNTE [33m404[0m 0.981 ms - 75[0m

2021-12-04 13:59:26 [32minfo[39m [index.js]: [0mGET /socket.io/?EIO=3&transport=polling&t=Ns4FOwy [33m404[0m 0.529 ms - 75[0m

2021-12-04 13:59:26 [32minfo[39m [index.js]: [0mGET /socket.io/?EIO=3&transport=polling&t=Ns4FOx8 [33m404[0m 0.501 ms - 75[0m

2021-12-04 13:59:26 [32minfo[39m [index.js]: [0mGET /socket.io/?EIO=3&transport=polling&t=Ns4FOxH [33m404[0m 0.533 ms - 75[0m

2021-12-04 13:59:26 [32minfo[39m [index.js]: [0mGET /socket.io/?EIO=3&transport=polling&t=Ns4FOxP [33m404[0m 0.448 ms - 75[0m

2021-12-04 13:59:26 [32minfo[39m [index.js]: [0mGET /socket.io/?EIO=3&transport=polling&t=Ns4FOxY [33m404[0m 0.551 ms - 75[0m

2021-12-04 13:59:33 [32minfo[39m [index.js]: Successfully connected to the database
2021-12-04 13:59:38 [32minfo[39m [index.js]: [0mGET /socket.io/?EIO=3&transport=polling&t=Ns4FRsX [33m404[0m 2.798 ms - 75[0m

2021-12-04 13:59:39 [32minfo[39m [index.js]: [0mGET /api/v1/sensors/test [0m-[0m - ms - -[0m

2021-12-04 13:59:44 [32minfo[39m [index.js]: [0mGET /socket.io/?EIO=3&transport=polling&t=Ns4FTKG [33m404[0m 1.210 ms - 75[0m

2021-12-04 13:59:50 [32minfo[39m [index.js]: [0mGET /socket.io/?EIO=3&transport=polling&t=Ns4FUo1 [33m404[0m 0.479 ms - 75[0m

2021-12-04 13:59:50 [32minfo[39m [index.js]: [0mGET /socket.io/?EIO=3&transport=polling&t=Ns4FUoD [33m404[0m 0.316 ms - 75[0m

2021-12-04 13:59:56 [32minfo[39m [index.js]: [0mGET /socket.io/?EIO=3&transport=polling&t=Ns4FWFn [33m404[0m 0.485 ms - 75[0m

2021-12-04 14:00:00 [32minfo[39m [index.js]: Successfully connected to the database
2021-12-04 14:00:02 [32minfo[39m [index.js]: [0mGET /socket.io/?EIO=3&transport=polling&t=Ns4FXjW [33m404[0m 5.544 ms - 75[0m

2021-12-04 14:00:08 [32minfo[39m [index.js]: [0mGET /socket.io/?EIO=3&transport=polling&t=Ns4FZB3 [33m404[0m 0.657 ms - 75[0m

2021-12-04 14:00:14 [32minfo[39m [index.js]: [0mGET /socket.io/?EIO=3&transport=polling&t=Ns4Faf0 [33m404[0m 0.935 ms - 75[0m

2021-12-04 14:00:14 [32minfo[39m [index.js]: [0mGET /socket.io/?EIO=3&transport=polling&t=Ns4FafF [33m404[0m 1.444 ms - 75[0m

2021-12-04 14:00:14 [32minfo[39m [index.js]: [0mGET /socket.io/?EIO=3&transport=polling&t=Ns4FafQ [33m404[0m 0.564 ms - 75[0m

2021-12-04 14:00:14 [32minfo[39m [index.js]: [0mGET /socket.io/?EIO=3&transport=polling&t=Ns4FafZ [33m404[0m 0.687 ms - 75[0m

2021-12-04 14:00:20 [32minfo[39m [index.js]: [0mGET /socket.io/?EIO=3&transport=polling&t=Ns4Fc6n [33m404[0m 0.608 ms - 75[0m

2021-12-04 14:00:20 [32minfo[39m [index.js]: [0mGET /socket.io/?EIO=3&transport=polling&t=Ns4Fc6y [33m404[0m 0.440 ms - 75[0m

2021-12-04 14:00:20 [32minfo[39m [index.js]: [0mGET /socket.io/?EIO=3&transport=polling&t=Ns4Fc76 [33m404[0m 0.429 ms - 75[0m

2021-12-04 14:00:26 [32minfo[39m [index.js]: [0mGET /socket.io/?EIO=3&transport=polling&t=Ns4FdaX [33m404[0m 0.689 ms - 75[0m

2021-12-04 14:00:26 [32minfo[39m [index.js]: [0mGET /socket.io/?EIO=3&transport=polling&t=Ns4Fdal [33m404[0m 0.653 ms - 75[0m

2021-12-04 14:00:32 [32minfo[39m [index.js]: [0mGET /socket.io/?EIO=3&transport=polling&t=Ns4Ff2G [33m404[0m 0.689 ms - 75[0m

2021-12-04 14:00:32 [32minfo[39m [index.js]: [0mGET /socket.io/?EIO=3&transport=polling&t=Ns4Ff2V [33m404[0m 0.672 ms - 75[0m

2021-12-04 14:00:32 [32minfo[39m [index.js]: [0mGET /socket.io/?EIO=3&transport=polling&t=Ns4Ff2g [33m404[0m 0.621 ms - 75[0m

2021-12-04 14:00:32 [32minfo[39m [index.js]: [0mGET /socket.io/?EIO=3&transport=polling&t=Ns4Ff2p [33m404[0m 0.613 ms - 75[0m

2021-12-04 14:00:38 [32minfo[39m [index.js]: [0mGET /socket.io/?EIO=3&transport=polling&t=Ns4FgW0 [33m404[0m 0.678 ms - 75[0m

2021-12-04 14:00:38 [32minfo[39m [index.js]: [0mGET /socket.io/?EIO=3&transport=polling&t=Ns4FgWD [33m404[0m 0.592 ms - 75[0m

2021-12-04 14:00:38 [32minfo[39m [index.js]: [0mGET /socket.io/?EIO=3&transport=polling&t=Ns4FgWN [33m404[0m 0.727 ms - 75[0m

2021-12-04 14:00:38 [32minfo[39m [index.js]: [0mGET /socket.io/?EIO=3&transport=polling&t=Ns4FgWZ [33m404[0m 0.490 ms - 75[0m

2021-12-04 14:00:38 [32minfo[39m [index.js]: [0mGET /socket.io/?EIO=3&transport=polling&t=Ns4FgWh [33m404[0m 0.527 ms - 75[0m

2021-12-04 14:00:38 [32minfo[39m [index.js]: [0mGET /socket.io/?EIO=3&transport=polling&t=Ns4FgWp [33m404[0m 0.669 ms - 75[0m

2021-12-04 14:00:44 [32minfo[39m [index.js]: [0mGET /socket.io/?EIO=3&transport=polling&t=Ns4Fhze [33m404[0m 0.905 ms - 75[0m

2021-12-04 14:00:44 [32minfo[39m [index.js]: [0mGET /socket.io/?EIO=3&transport=polling&t=Ns4Fhzt [33m404[0m 0.705 ms - 75[0m

2021-12-04 14:00:50 [32minfo[39m [index.js]: [0mGET /socket.io/?EIO=3&transport=polling&t=Ns4FjRG [33m404[0m 0.681 ms - 75[0m

2021-12-04 14:00:50 [32minfo[39m [index.js]: [0mGET /socket.io/?EIO=3&transport=polling&t=Ns4FjRT [33m404[0m 0.830 ms - 75[0m

2021-12-04 14:00:58 [32minfo[39m [index.js]: Successfully connected to the database
